2025-08-21 14:15:28,953 - INFO - Starting browser session with chrome...
2025-08-21 14:15:29,341 - INFO - chrome browser launched successfully.
2025-08-21 14:15:31,731 - INFO - URL opened successfully.
2025-08-21 14:15:31,731 - INFO - TC_LOGIN_001 Started..
2025-08-21 14:15:31,731 - INFO - Verify login successfully with valid credentials.
2025-08-21 14:15:52,870 - ERROR - Element 'Username' not found. Error: Message: 
Stacktrace:
#0 0x618ed328245a <unknown>
#1 0x618ed2d27760 <unknown>
#2 0x618ed2d79127 <unknown>
#3 0x618ed2d79321 <unknown>
#4 0x618ed2dc7e94 <unknown>
#5 0x618ed2d9ee7d <unknown>
#6 0x618ed2dc530b <unknown>
#7 0x618ed2d9ec23 <unknown>
#8 0x618ed2d6b4a5 <unknown>
#9 0x618ed2d6c111 <unknown>
#10 0x618ed3246f1b <unknown>
#11 0x618ed324ae19 <unknown>
#12 0x618ed322dac9 <unknown>
#13 0x618ed324b9c8 <unknown>
#14 0x618ed321234f <unknown>
#15 0x618ed326fa28 <unknown>
#16 0x618ed326fc06 <unknown>
#17 0x618ed3281336 <unknown>
#18 0x7c28af89caa4 <unknown>
#19 0x7c28af929c3c <unknown>

2025-08-21 14:15:52,914 - INFO - Script complete.
2025-08-21 14:15:53,047 - INFO - Ending browser session...
2025-08-21 14:15:53,047 - INFO - ...................
2025-08-21 14:15:53,047 - INFO - ...................
2025-08-21 14:17:55,050 - INFO - Starting browser session with chrome...
2025-08-21 14:17:55,496 - INFO - chrome browser launched successfully.
2025-08-21 14:17:58,207 - INFO - URL opened successfully.
2025-08-21 14:17:58,208 - INFO - TC_LOGIN_001 Started..
2025-08-21 14:17:58,208 - INFO - Verify login successfully with valid credentials.
2025-08-21 14:17:59,324 - INFO - Valid Username entered successfully.
2025-08-21 14:17:59,404 - INFO - Valid Password entered successfully.
2025-08-21 14:17:59,473 - INFO - Click on Login button successfully.
2025-08-21 14:18:20,265 - INFO - Script complete.
2025-08-21 14:18:20,345 - INFO - Ending browser session...
2025-08-21 14:18:20,345 - INFO - ...................
2025-08-21 14:18:20,345 - INFO - ...................
2025-08-21 14:19:01,448 - INFO - Starting browser session with chrome...
2025-08-21 14:19:02,216 - INFO - chrome browser launched successfully.
2025-08-21 14:19:04,861 - INFO - URL opened successfully.
2025-08-21 14:19:04,862 - INFO - TC_LOGIN_001 Started..
2025-08-21 14:19:04,862 - INFO - Verify login successfully with valid credentials.
2025-08-21 14:19:05,610 - INFO - Valid Username entered successfully.
2025-08-21 14:19:05,710 - INFO - Valid Password entered successfully.
2025-08-21 14:19:05,809 - INFO - Click on Login button successfully.
2025-08-21 14:19:05,810 - INFO - Script complete.
2025-08-21 14:19:05,911 - INFO - Ending browser session...
2025-08-21 14:19:05,911 - INFO - ...................
2025-08-21 14:19:05,911 - INFO - ...................
